d:\code\raytracing\myraytracer\myraytracer\x64\release\main.obj
d:\code\raytracing\myraytracer\myraytracer\x64\release\myraytracer.obj
d:\code\raytracing\myraytracer\myraytracer\x64\release\moc_myraytracer.obj
d:\code\raytracing\myraytracer\myraytracer\x64\release\qrc_myraytracer.obj
d:\code\raytracing\myraytracer\x64\release\myraytracer.exe
d:\code\raytracing\myraytracer\myraytracer\x64\release\moc\moc_myraytracer.cpp
d:\code\raytracing\myraytracer\myraytracer\x64\release\uic\ui_myraytracer.h
d:\code\raytracing\myraytracer\myraytracer\x64\release\rcc\qrc_myraytracer.cpp
d:\code\raytracing\myraytracer\myraytracer\x64\release\myraytracer.tlog\cl.command.1.tlog
d:\code\raytracing\myraytracer\myraytracer\x64\release\myraytracer.tlog\cl.read.1.tlog
d:\code\raytracing\myraytracer\myraytracer\x64\release\myraytracer.tlog\cl.write.1.tlog
d:\code\raytracing\myraytracer\myraytracer\x64\release\myraytracer.tlog\link.command.1.tlog
d:\code\raytracing\myraytracer\myraytracer\x64\release\myraytracer.tlog\link.read.1.tlog
d:\code\raytracing\myraytracer\myraytracer\x64\release\myraytracer.tlog\link.write.1.tlog
d:\code\raytracing\myraytracer\myraytracer\x64\release\myraytracer.tlog\moc.read.1u.tlog
d:\code\raytracing\myraytracer\myraytracer\x64\release\myraytracer.tlog\moc.write.1u.tlog
d:\code\raytracing\myraytracer\myraytracer\x64\release\myraytracer.tlog\myraytracer.write.1u.tlog
d:\code\raytracing\myraytracer\myraytracer\x64\release\myraytracer.tlog\rcc.read.1u.tlog
d:\code\raytracing\myraytracer\myraytracer\x64\release\myraytracer.tlog\rcc.write.1u.tlog
d:\code\raytracing\myraytracer\myraytracer\x64\release\myraytracer.tlog\uic.read.1u.tlog
d:\code\raytracing\myraytracer\myraytracer\x64\release\myraytracer.tlog\uic.write.1u.tlog
